# JRE version: OpenJDK Runtime Environment (21.0.2+13) (build 21.0.2+13-58)
# Java VM: OpenJDK 64-Bit Server VM (21.0.2+13-58, mixed mode, sharing, tiered, compressed oops, compressed class ptrs, g1 gc, bsd-aarch64)
Heap:
 garbage-first heap   total 264192K, used 45797K [0x0000000700000000, 0x0000000800000000)
  region size 2048K, 10 young (20480K), 1 survivors (2048K)
 Metaspace       used 19297K, committed 19584K, reserved 1114112K
  class space    used 2958K, committed 3072K, reserved 1048576K
GC Heap History (20 events):
Event: 156.815 GC heap before
{Heap before GC invocations=16 (full 0):
 garbage-first heap   total 264192K, used 178975K [0x0000000700000000, 0x0000000800000000)
  region size 2048K, 76 young (155648K), 2 survivors (4096K)
 Metaspace       used 19189K, committed 19456K, reserved 1114112K
  class space    used 2952K, committed 3072K, reserved 1048576K
}
Event: 156.818 GC heap after
{Heap after GC invocations=17 (full 0):
 garbage-first heap   total 264192K, used 27475K [0x0000000700000000, 0x0000000800000000)
  region size 2048K, 2 young (4096K), 2 survivors (4096K)
 Metaspace       used 19189K, committed 19456K, reserved 1114112K
  class space    used 2952K, committed 3072K, reserved 1048576K
}
Event: 166.365 GC heap before
{Heap before GC invocations=17 (full 0):
 garbage-first heap   total 264192K, used 179027K [0x0000000700000000, 0x0000000800000000)
  region size 2048K, 76 young (155648K), 2 survivors (4096K)
 Metaspace       used 19206K, committed 19456K, reserved 1114112K
  class space    used 2952K, committed 3072K, reserved 1048576K
}
Event: 166.367 GC heap after
{Heap after GC invocations=18 (full 0):
 garbage-first heap   total 264192K, used 27498K [0x0000000700000000, 0x0000000800000000)
  region size 2048K, 1 young (2048K), 1 survivors (2048K)
 Metaspace       used 19206K, committed 19456K, reserved 1114112K
  class space    used 2952K, committed 3072K, reserved 1048576K
}
Event: 176.765 GC heap before
{Heap before GC invocations=18 (full 0):
 garbage-first heap   total 264192K, used 181098K [0x0000000700000000, 0x0000000800000000)
  region size 2048K, 76 young (155648K), 1 survivors (2048K)
 Metaspace       used 19206K, committed 19456K, reserved 1114112K
  class space    used 2952K, committed 3072K, reserved 1048576K
}
Event: 176.767 GC heap after
{Heap after GC invocations=19 (full 0):
 garbage-first heap   total 264192K, used 27534K [0x0000000700000000, 0x0000000800000000)
  region size 2048K, 1 young (2048K), 1 survivors (2048K)
 Metaspace       used 19206K, committed 19456K, reserved 1114112K
  class space    used 2952K, committed 3072K, reserved 1048576K
}
Event: 184.399 GC heap before
{Heap before GC invocations=19 (full 0):
 garbage-first heap   total 264192K, used 181134K [0x0000000700000000, 0x0000000800000000)
  region size 2048K, 76 young (155648K), 1 survivors (2048K)
 Metaspace       used 19206K, committed 19456K, reserved 1114112K
  class space    used 2952K, committed 3072K, reserved 1048576K
}
Event: 184.400 GC heap after
{Heap after GC invocations=20 (full 0):
 garbage-first heap   total 264192K, used 27591K [0x0000000700000000, 0x0000000800000000)
  region size 2048K, 1 young (2048K), 1 survivors (2048K)
 Metaspace       used 19206K, committed 19456K, reserved 1114112K
  class space    used 2952K, committed 3072K, reserved 1048576K
}
Event: 215.798 GC heap before
{Heap before GC invocations=20 (full 0):
 garbage-first heap   total 264192K, used 181191K [0x0000000700000000, 0x0000000800000000)
  region size 2048K, 76 young (155648K), 1 survivors (2048K)
 Metaspace       used 19215K, committed 19520K, reserved 1114112K
  class space    used 2952K, committed 3072K, reserved 1048576K
}
Event: 215.799 GC heap after
{Heap after GC invocations=21 (full 0):
 garbage-first heap   total 264192K, used 27482K [0x0000000700000000, 0x0000000800000000)
  region size 2048K, 1 young (2048K), 1 survivors (2048K)
 Metaspace       used 19215K, committed 19520K, reserved 1114112K
  class space    used 2952K, committed 3072K, reserved 1048576K
}
Event: 223.698 GC heap before
{Heap before GC invocations=21 (full 0):
 garbage-first heap   total 264192K, used 181082K [0x0000000700000000, 0x0000000800000000)
  region size 2048K, 76 young (155648K), 1 survivors (2048K)
 Metaspace       used 19236K, committed 19520K, reserved 1114112K
  class space    used 2952K, committed 3072K, reserved 1048576K
}
Event: 223.700 GC heap after
{Heap after GC invocations=22 (full 0):
 garbage-first heap   total 264192K, used 27490K [0x0000000700000000, 0x0000000800000000)
  region size 2048K, 1 young (2048K), 1 survivors (2048K)
 Metaspace       used 19236K, committed 19520K, reserved 1114112K
  class space    used 2952K, committed 3072K, reserved 1048576K
}
Event: 237.414 GC heap before
{Heap before GC invocations=22 (full 0):
 garbage-first heap   total 264192K, used 181090K [0x0000000700000000, 0x0000000800000000)
  region size 2048K, 76 young (155648K), 1 survivors (2048K)
 Metaspace       used 19237K, committed 19520K, reserved 1114112K
  class space    used 2952K, committed 3072K, reserved 1048576K
}
Event: 237.415 GC heap after
{Heap after GC invocations=23 (full 0):
 garbage-first heap   total 264192K, used 27463K [0x0000000700000000, 0x0000000800000000)
  region size 2048K, 1 young (2048K), 1 survivors (2048K)
 Metaspace       used 19237K, committed 19520K, reserved 1114112K
  class space    used 2952K, committed 3072K, reserved 1048576K
}
Event: 316.496 GC heap before
{Heap before GC invocations=23 (full 0):
 garbage-first heap   total 264192K, used 181063K [0x0000000700000000, 0x0000000800000000)
  region size 2048K, 76 young (155648K), 1 survivors (2048K)
 Metaspace       used 19241K, committed 19520K, reserved 1114112K
  class space    used 2952K, committed 3072K, reserved 1048576K
}
Event: 316.497 GC heap after
{Heap after GC invocations=24 (full 0):
 garbage-first heap   total 264192K, used 27623K [0x0000000700000000, 0x0000000800000000)
  region size 2048K, 1 young (2048K), 1 survivors (2048K)
 Metaspace       used 19241K, committed 19520K, reserved 1114112K
  class space    used 2952K, committed 3072K, reserved 1048576K
}
Event: 325.180 GC heap before
{Heap before GC invocations=24 (full 0):
 garbage-first heap   total 264192K, used 181223K [0x0000000700000000, 0x0000000800000000)
  region size 2048K, 76 young (155648K), 1 survivors (2048K)
 Metaspace       used 19241K, committed 19520K, reserved 1114112K
  class space    used 2952K, committed 3072K, reserved 1048576K
}
Event: 325.182 GC heap after
{Heap after GC invocations=25 (full 0):
 garbage-first heap   total 264192K, used 27768K [0x0000000700000000, 0x0000000800000000)
  region size 2048K, 1 young (2048K), 1 survivors (2048K)
 Metaspace       used 19241K, committed 19520K, reserved 1114112K
  class space    used 2952K, committed 3072K, reserved 1048576K
}
Event: 332.781 GC heap before
{Heap before GC invocations=25 (full 0):
 garbage-first heap   total 264192K, used 181368K [0x0000000700000000, 0x0000000800000000)
  region size 2048K, 76 young (155648K), 1 survivors (2048K)
 Metaspace       used 19241K, committed 19520K, reserved 1114112K
  class space    used 2952K, committed 3072K, reserved 1048576K
}
Event: 332.784 GC heap after
{Heap after GC invocations=26 (full 0):
 garbage-first heap   total 264192K, used 27689K [0x0000000700000000, 0x0000000800000000)
  region size 2048K, 1 young (2048K), 1 survivors (2048K)
 Metaspace       used 19241K, committed 19520K, reserved 1114112K
  class space    used 2952K, committed 3072K, reserved 1048576K
}

